This is pdfTeX, Version 3.141592653-2.6-1.40.23 (TeX Live 2021) (preloaded format=pdflatex 2022.1.24)  15 APR 2022 09:36
entering extended mode
 restricted \write18 enabled.
 %&-line parsing enabled.
**"lecture scribing template.tex"
(./lecture scribing template.tex
LaTeX2e <2021-11-15> patch level 1
L3 programming layer <2022-01-21> (/home/mridul/.TinyTeX/texmf-dist/tex/latex/base/article.cls
Document Class: article 2021/10/04 v1.4n Standard LaTeX document class
(/home/mridul/.TinyTeX/texmf-dist/tex/latex/base/size11.clo
File: size11.clo 2021/10/04 v1.4n Standard LaTeX file (size option)
)
\c@part=\count185
\c@section=\count186
\c@subsection=\count187
\c@subsubsection=\count188
\c@paragraph=\count189
\c@subparagraph=\count190
\c@figure=\count191
\c@table=\count192
\abovecaptionskip=\skip47
\belowcaptionskip=\skip48
\bibindent=\dimen138
) (/home/mridul/.TinyTeX/texmf-dist/tex/latex/caption/subcaption.sty
Package: subcaption 2022/01/07 v1.5 Sub-captions (AR)
 (/home/mridul/.TinyTeX/texmf-dist/tex/latex/caption/caption.sty
Package: caption 2022/02/20 v3.6 Customizing captions (AR)
 (/home/mridul/.TinyTeX/texmf-dist/tex/latex/caption/caption3.sty
Package: caption3 2022/01/07 v2.3 caption3 kernel (AR)
 (/home/mridul/.TinyTeX/texmf-dist/tex/latex/graphics/keyval.sty
Package: keyval 2014/10/28 v1.15 key=value parser (DPC)
\KV@toks@=\toks16
)
\caption@tempdima=\dimen139
\captionmargin=\dimen140
\caption@leftmargin=\dimen141
\caption@rightmargin=\dimen142
\caption@width=\dimen143
\caption@indent=\dimen144
\caption@parindent=\dimen145
\caption@hangindent=\dimen146
Package caption Info: Standard document class detected.
)
\c@caption@flags=\count193
\c@continuedfloat=\count194
)
\c@subfigure=\count195
\c@subtable=\count196
) (/home/mridul/.TinyTeX/texmf-dist/tex/latex/graphics/color.sty
Package: color 2021/12/07 v1.3c Standard LaTeX Color (DPC)
 (/home/mridul/.TinyTeX/texmf-dist/tex/latex/graphics-cfg/color.cfg
File: color.cfg 2016/01/02 v1.6 sample color configuration
)
Package color Info: Driver file: pdftex.def on input line 149.
 (/home/mridul/.TinyTeX/texmf-dist/tex/latex/graphics-def/pdftex.def
File: pdftex.def 2020/10/05 v1.2a Graphics/color driver for pdftex
)) (/home/mridul/.TinyTeX/texmf-dist/tex/latex/tools/afterpage.sty
Package: afterpage 2014/10/28 v1.08 After-Page Package (DPC)
\AP@output=\toks17
\AP@partial=\box50
\AP@footins=\box51
) (/home/mridul/.TinyTeX/texmf-dist/tex/latex/hyperref/hyperref.sty
Package: hyperref 2021-06-07 v7.00m Hypertext links for LaTeX
 (/home/mridul/.TinyTeX/texmf-dist/tex/generic/ltxcmds/ltxcmds.sty
Package: ltxcmds 2020-05-10 v1.25 LaTeX kernel commands for general use (HO)
) (/home/mridul/.TinyTeX/texmf-dist/tex/generic/iftex/iftex.sty
Package: iftex 2020/03/06 v1.0d TeX engine tests
) (/home/mridul/.TinyTeX/texmf-dist/tex/generic/pdftexcmds/pdftexcmds.sty
Package: pdftexcmds 2020-06-27 v0.33 Utility functions of pdfTeX for LuaTeX (HO)
 (/home/mridul/.TinyTeX/texmf-dist/tex/generic/infwarerr/infwarerr.sty
Package: infwarerr 2019/12/03 v1.5 Providing info/warning/error messages (HO)
)
Package pdftexcmds Info: \pdf@primitive is available.
Package pdftexcmds Info: \pdf@ifprimitive is available.
Package pdftexcmds Info: \pdfdraftmode found.
) (/home/mridul/.TinyTeX/texmf-dist/tex/generic/kvsetkeys/kvsetkeys.sty
Package: kvsetkeys 2019/12/15 v1.18 Key value parser (HO)
) (/home/mridul/.TinyTeX/texmf-dist/tex/generic/kvdefinekeys/kvdefinekeys.sty
Package: kvdefinekeys 2019-12-19 v1.6 Define keys (HO)
) (/home/mridul/.TinyTeX/texmf-dist/tex/generic/pdfescape/pdfescape.sty
Package: pdfescape 2019/12/09 v1.15 Implements pdfTeX's escape features (HO)
) (/home/mridul/.TinyTeX/texmf-dist/tex/latex/hycolor/hycolor.sty
Package: hycolor 2020-01-27 v1.10 Color options for hyperref/bookmark (HO)
) (/home/mridul/.TinyTeX/texmf-dist/tex/latex/letltxmacro/letltxmacro.sty
Package: letltxmacro 2019/12/03 v1.6 Let assignment for LaTeX macros (HO)
) (/home/mridul/.TinyTeX/texmf-dist/tex/latex/auxhook/auxhook.sty
Package: auxhook 2019-12-17 v1.6 Hooks for auxiliary files (HO)
) (/home/mridul/.TinyTeX/texmf-dist/tex/latex/kvoptions/kvoptions.sty
Package: kvoptions 2020-10-07 v3.14 Key value format for package options (HO)
)
\@linkdim=\dimen147
\Hy@linkcounter=\count197
\Hy@pagecounter=\count198
 (/home/mridul/.TinyTeX/texmf-dist/tex/latex/hyperref/pd1enc.def
File: pd1enc.def 2021-06-07 v7.00m Hyperref: PDFDocEncoding definition (HO)
Now handling font encoding PD1 ...
... no UTF-8 mapping file for font encoding PD1
) (/home/mridul/.TinyTeX/texmf-dist/tex/latex/hyperref/hyperref-langpatches.def
File: hyperref-langpatches.def 2021-06-07 v7.00m Hyperref: patches for babel languages
) (/home/mridul/.TinyTeX/texmf-dist/tex/generic/intcalc/intcalc.sty
Package: intcalc 2019/12/15 v1.3 Expandable calculations with integers (HO)
) (/home/mridul/.TinyTeX/texmf-dist/tex/generic/etexcmds/etexcmds.sty
Package: etexcmds 2019/12/15 v1.7 Avoid name clashes with e-TeX commands (HO)
)
\Hy@SavedSpaceFactor=\count199
 (/home/mridul/.TinyTeX/texmf-dist/tex/latex/hyperref/puenc.def
File: puenc.def 2021-06-07 v7.00m Hyperref: PDF Unicode definition (HO)
Now handling font encoding PU ...
... no UTF-8 mapping file for font encoding PU
)
Package hyperref Info: Option `final' set `true' on input line 4073.
Package hyperref Info: Hyper figures OFF on input line 4192.
Package hyperref Info: Link nesting OFF on input line 4197.
Package hyperref Info: Hyper index ON on input line 4200.
Package hyperref Info: Plain pages OFF on input line 4207.
Package hyperref Info: Backreferencing OFF on input line 4212.
Package hyperref Info: Implicit mode ON; LaTeX internals redefined.
Package hyperref Info: Bookmarks ON on input line 4445.
\c@Hy@tempcnt=\count266
 (/home/mridul/.TinyTeX/texmf-dist/tex/latex/url/url.sty
\Urlmuskip=\muskip16
Package: url 2013/09/16  ver 3.4  Verb mode for urls, etc.
)
LaTeX Info: Redefining \url on input line 4804.
\XeTeXLinkMargin=\dimen148
 (/home/mridul/.TinyTeX/texmf-dist/tex/generic/bitset/bitset.sty
Package: bitset 2019/12/09 v1.3 Handle bit-vector datatype (HO)
 (/home/mridul/.TinyTeX/texmf-dist/tex/generic/bigintcalc/bigintcalc.sty
Package: bigintcalc 2019/12/15 v1.5 Expandable calculations on big integers (HO)
))
\Fld@menulength=\count267
\Field@Width=\dimen149
\Fld@charsize=\dimen150
Package hyperref Info: Hyper figures OFF on input line 6076.
Package hyperref Info: Link nesting OFF on input line 6081.
Package hyperref Info: Hyper index ON on input line 6084.
Package hyperref Info: backreferencing OFF on input line 6091.
Package hyperref Info: Link coloring OFF on input line 6096.
Package hyperref Info: Link coloring with OCG OFF on input line 6101.
Package hyperref Info: PDF/A mode OFF on input line 6106.
LaTeX Info: Redefining \ref on input line 6146.
LaTeX Info: Redefining \pageref on input line 6150.
 (/home/mridul/.TinyTeX/texmf-dist/tex/latex/base/atbegshi-ltx.sty
Package: atbegshi-ltx 2021/01/10 v1.0c Emulation of the original atbegshi
package with kernel methods
)
\Hy@abspage=\count268
\c@Item=\count269
\c@Hfootnote=\count270
)
Package hyperref Info: Driver (autodetected): hpdftex.
 (/home/mridul/.TinyTeX/texmf-dist/tex/latex/hyperref/hpdftex.def
File: hpdftex.def 2021-06-07 v7.00m Hyperref driver for pdfTeX
 (/home/mridul/.TinyTeX/texmf-dist/tex/latex/base/atveryend-ltx.sty
Package: atveryend-ltx 2020/08/19 v1.0a Emulation of the original atveryend package
with kernel methods
)
\Fld@listcount=\count271
\c@bookmark@seq@number=\count272
 (/home/mridul/.TinyTeX/texmf-dist/tex/latex/rerunfilecheck/rerunfilecheck.sty
Package: rerunfilecheck 2019/12/05 v1.9 Rerun checks for auxiliary files (HO)
 (/home/mridul/.TinyTeX/texmf-dist/tex/generic/uniquecounter/uniquecounter.sty
Package: uniquecounter 2019/12/15 v1.4 Provide unlimited unique counter (HO)
)
Package uniquecounter Info: New unique counter `rerunfilecheck' on input line 286.
)
\Hy@SectionHShift=\skip49
) (/home/mridul/.TinyTeX/texmf-dist/tex/latex/graphics/graphicx.sty
Package: graphicx 2021/09/16 v1.2d Enhanced LaTeX Graphics (DPC,SPQR)
 (/home/mridul/.TinyTeX/texmf-dist/tex/latex/graphics/graphics.sty
Package: graphics 2021/03/04 v1.4d Standard LaTeX Graphics (DPC,SPQR)
 (/home/mridul/.TinyTeX/texmf-dist/tex/latex/graphics/trig.sty
Package: trig 2021/08/11 v1.11 sin cos tan (DPC)
) (/home/mridul/.TinyTeX/texmf-dist/tex/latex/graphics-cfg/graphics.cfg
File: graphics.cfg 2016/06/04 v1.11 sample graphics configuration
)
Package graphics Info: Driver file: pdftex.def on input line 107.
)
\Gin@req@height=\dimen151
\Gin@req@width=\dimen152
) (/home/mridul/.TinyTeX/texmf-dist/tex/latex/preprint/fullpage.sty
Package: fullpage 1999/02/23 1.1 (PWD)
\FP@margin=\skip50
) (/home/mridul/.TinyTeX/texmf-dist/tex/latex/mathtools/mathtools.sty
Package: mathtools 2022/02/07 v1.28a mathematical typesetting tools
 (/home/mridul/.TinyTeX/texmf-dist/tex/latex/tools/calc.sty
Package: calc 2017/05/25 v4.3 Infix arithmetic (KKT,FJ)
\calc@Acount=\count273
\calc@Bcount=\count274
\calc@Adimen=\dimen153
\calc@Bdimen=\dimen154
\calc@Askip=\skip51
\calc@Bskip=\skip52
LaTeX Info: Redefining \setlength on input line 80.
LaTeX Info: Redefining \addtolength on input line 81.
\calc@Ccount=\count275
\calc@Cskip=\skip53
) (/home/mridul/.TinyTeX/texmf-dist/tex/latex/mathtools/mhsetup.sty
Package: mhsetup 2021/03/18 v1.4 programming setup (MH)
) (/home/mridul/.TinyTeX/texmf-dist/tex/latex/amsmath/amsmath.sty
Package: amsmath 2021/10/15 v2.17l AMS math features
\@mathmargin=\skip54

For additional information on amsmath, use the `?' option.
(/home/mridul/.TinyTeX/texmf-dist/tex/latex/amsmath/amstext.sty
Package: amstext 2021/08/26 v2.01 AMS text
 (/home/mridul/.TinyTeX/texmf-dist/tex/latex/amsmath/amsgen.sty
File: amsgen.sty 1999/11/30 v2.0 generic functions
\@emptytoks=\toks18
\ex@=\dimen155
)) (/home/mridul/.TinyTeX/texmf-dist/tex/latex/amsmath/amsbsy.sty
Package: amsbsy 1999/11/29 v1.2d Bold Symbols
\pmbraise@=\dimen156
) (/home/mridul/.TinyTeX/texmf-dist/tex/latex/amsmath/amsopn.sty
Package: amsopn 2021/08/26 v2.02 operator names
)
\inf@bad=\count276
LaTeX Info: Redefining \frac on input line 234.
\uproot@=\count277
\leftroot@=\count278
LaTeX Info: Redefining \overline on input line 399.
\classnum@=\count279
\DOTSCASE@=\count280
LaTeX Info: Redefining \ldots on input line 496.
LaTeX Info: Redefining \dots on input line 499.
LaTeX Info: Redefining \cdots on input line 620.
\Mathstrutbox@=\box52
\strutbox@=\box53
\big@size=\dimen157
LaTeX Font Info:    Redeclaring font encoding OML on input line 743.
LaTeX Font Info:    Redeclaring font encoding OMS on input line 744.
\macc@depth=\count281
\c@MaxMatrixCols=\count282
\dotsspace@=\muskip17
\c@parentequation=\count283
\dspbrk@lvl=\count284
\tag@help=\toks19
\row@=\count285
\column@=\count286
\maxfields@=\count287
\andhelp@=\toks20
\eqnshift@=\dimen158
\alignsep@=\dimen159
\tagshift@=\dimen160
\tagwidth@=\dimen161
\totwidth@=\dimen162
\lineht@=\dimen163
\@envbody=\toks21
\multlinegap=\skip55
\multlinetaggap=\skip56
\mathdisplay@stack=\toks22
LaTeX Info: Redefining \[ on input line 2938.
LaTeX Info: Redefining \] on input line 2939.
)
\g_MT_multlinerow_int=\count288
\l_MT_multwidth_dim=\dimen164
\origjot=\skip57
\l_MT_shortvdotswithinadjustabove_dim=\dimen165
\l_MT_shortvdotswithinadjustbelow_dim=\dimen166
\l_MT_above_intertext_sep=\dimen167
\l_MT_below_intertext_sep=\dimen168
\l_MT_above_shortintertext_sep=\dimen169
\l_MT_below_shortintertext_sep=\dimen170
\xmathstrut@box=\box54
\xmathstrut@dim=\dimen171
) (/home/mridul/.TinyTeX/texmf-dist/tex/latex/tools/showkeys.sty
Package: showkeys 2014/10/28 v3.17 Show cite and label keys (DPC, MH)
) (/home/mridul/.TinyTeX/texmf-dist/tex/generic/babel/babel.sty
Package: babel 2021/12/30 3.69 The Babel package
\babel@savecnt=\count289
\U@D=\dimen172
\l@unhyphenated=\language3
 (/home/mridul/.TinyTeX/texmf-dist/tex/generic/babel/txtbabel.def)
\bbl@readstream=\read2
\bbl@dirlevel=\count290
 (/home/mridul/.TinyTeX/texmf-dist/tex/generic/babel-english/english.ldf
Language: english 2017/06/06 v3.3r English support from the babel system
Package babel Info: Hyphen rules for 'british' set to \l@english
(babel)             (\language0). Reported on input line 82.
Package babel Info: Hyphen rules for 'UKenglish' set to \l@english
(babel)             (\language0). Reported on input line 83.
Package babel Info: Hyphen rules for 'canadian' set to \l@english
(babel)             (\language0). Reported on input line 102.
Package babel Info: Hyphen rules for 'australian' set to \l@english
(babel)             (\language0). Reported on input line 105.
Package babel Info: Hyphen rules for 'newzealand' set to \l@english
(babel)             (\language0). Reported on input line 108.
)) (/home/mridul/.TinyTeX/texmf-dist/tex/latex/amsfonts/amssymb.sty
Package: amssymb 2013/01/14 v3.01 AMS font symbols
 (/home/mridul/.TinyTeX/texmf-dist/tex/latex/amsfonts/amsfonts.sty
Package: amsfonts 2013/01/14 v3.01 Basic AMSFonts support
\symAMSa=\mathgroup4
\symAMSb=\mathgroup5
LaTeX Font Info:    Redeclaring math symbol \hbar on input line 98.
LaTeX Font Info:    Overwriting math alphabet `\mathfrak' in version `bold'
(Font)                  U/euf/m/n --> U/euf/b/n on input line 106.
)) (/home/mridul/.TinyTeX/texmf-dist/tex/latex/fancyhdr/fancyhdr.sty
Package: fancyhdr 2021/01/28 v4.0.1 Extensive control of page headers and footers
\f@nch@headwidth=\skip58
\f@nch@O@elh=\skip59
\f@nch@O@erh=\skip60
\f@nch@O@olh=\skip61
\f@nch@O@orh=\skip62
\f@nch@O@elf=\skip63
\f@nch@O@erf=\skip64
\f@nch@O@olf=\skip65
\f@nch@O@orf=\skip66
)
\c@topic=\count291
\c@theorem=\count292
\c@definition=\count293
Package hyperref Info: Option `bookmarksnumbered' set `true' on input line 66.
 (/home/mridul/.TinyTeX/texmf-dist/tex/latex/l3backend/l3backend-pdftex.def
File: l3backend-pdftex.def 2022-01-12 L3 backend support: PDF output (pdfTeX)
\l__color_backend_stack_int=\count294
\l__pdf_internal_box=\box55
) (./lecture scribing template.aux

LaTeX Warning: Label `fig:data' multiply defined.


LaTeX Warning: Label `fig:kernelPCA' multiply defined.

)
\openout1 = `"lecture scribing template.aux"'.

LaTeX Font Info:    Checking defaults for OML/cmm/m/it on input line 70.
LaTeX Font Info:    ... okay on input line 70.
LaTeX Font Info:    Checking defaults for OMS/cmsy/m/n on input line 70.
LaTeX Font Info:    ... okay on input line 70.
LaTeX Font Info:    Checking defaults for OT1/cmr/m/n on input line 70.
LaTeX Font Info:    ... okay on input line 70.
LaTeX Font Info:    Checking defaults for T1/cmr/m/n on input line 70.
LaTeX Font Info:    ... okay on input line 70.
LaTeX Font Info:    Checking defaults for TS1/cmr/m/n on input line 70.
LaTeX Font Info:    ... okay on input line 70.
LaTeX Font Info:    Checking defaults for OMX/cmex/m/n on input line 70.
LaTeX Font Info:    ... okay on input line 70.
LaTeX Font Info:    Checking defaults for U/cmr/m/n on input line 70.
LaTeX Font Info:    ... okay on input line 70.
LaTeX Font Info:    Checking defaults for PD1/pdf/m/n on input line 70.
LaTeX Font Info:    ... okay on input line 70.
LaTeX Font Info:    Checking defaults for PU/pdf/m/n on input line 70.
LaTeX Font Info:    ... okay on input line 70.
Package caption Info: Begin \AtBeginDocument code.
Package caption Info: hyperref package is loaded.
Package caption Info: End \AtBeginDocument code.
 (/home/mridul/.TinyTeX/texmf-dist/tex/latex/epstopdf-pkg/epstopdf-base.sty
Package: epstopdf-base 2020-01-24 v2.11 Base part for package epstopdf
Package epstopdf-base Info: Redefining graphics rule for `.eps' on input line 485.
 (/home/mridul/.TinyTeX/texmf-dist/tex/latex/latexconfig/epstopdf-sys.cfg
File: epstopdf-sys.cfg 2010/07/13 v1.3 Configuration of (r)epstopdf for TeX Live
))
Package hyperref Info: Link coloring OFF on input line 70.
 (/home/mridul/.TinyTeX/texmf-dist/tex/latex/hyperref/nameref.sty
Package: nameref 2021-04-02 v2.47 Cross-referencing by name of section
 (/home/mridul/.TinyTeX/texmf-dist/tex/latex/refcount/refcount.sty
Package: refcount 2019/12/15 v3.6 Data extraction from label references (HO)
) (/home/mridul/.TinyTeX/texmf-dist/tex/generic/gettitlestring/gettitlestring.sty
Package: gettitlestring 2019/12/15 v1.6 Cleanup title references (HO)
)
\c@section@level=\count295
)
LaTeX Info: Redefining \ref on input line 70.
LaTeX Info: Redefining \pageref on input line 70.
LaTeX Info: Redefining \nameref on input line 70.
 (./lecture scribing template.out) (./lecture scribing template.out)
\@outlinefile=\write3
\openout3 = `"lecture scribing template.out"'.

LaTeX Font Info:    Trying to load font information for U+msa on input line 79.
 (/home/mridul/.TinyTeX/texmf-dist/tex/latex/amsfonts/umsa.fd
File: umsa.fd 2013/01/14 v3.01 AMS symbols A
)
LaTeX Font Info:    Trying to load font information for U+msb on input line 79.
 (/home/mridul/.TinyTeX/texmf-dist/tex/latex/amsfonts/umsb.fd
File: umsb.fd 2013/01/14 v3.01 AMS symbols B
)
Overfull \hbox (6.79996pt too wide) in paragraph at lines 79--80
 [] 
 []

(./lecture scribing template.toc)
\tf@toc=\write4
\openout4 = `"lecture scribing template.toc"'.

 [1

{/home/mridul/.TinyTeX/texmf-var/fonts/map/pdftex/updmap/pdftex.map}] [2]

Package hyperref Warning: Token not allowed in a PDF string (Unicode):
(hyperref)                removing `\@ifnextchar' on input line 221.

</home/mridul/Desktop/iitd_rishi_laptop/backups/ELL888/margin_func.png, id=99, 1008.76875pt x 463.7325pt>
File: /home/mridul/Desktop/iitd_rishi_laptop/backups/ELL888/margin_func.png Graphic file (type png)
<use /home/mridul/Desktop/iitd_rishi_laptop/backups/ELL888/margin_func.png>
Package pdftex.def Info: /home/mridul/Desktop/iitd_rishi_laptop/backups/ELL888/margin_func.png  used on input line 240.
(pdftex.def)             Requested size: 328.82707pt x 151.16412pt.
</home/mridul/Desktop/iitd_rishi_laptop/backups/ELL888/margin_func2.png, id=101, 1008.76875pt x 261.97874pt>
File: /home/mridul/Desktop/iitd_rishi_laptop/backups/ELL888/margin_func2.png Graphic file (type png)
<use /home/mridul/Desktop/iitd_rishi_laptop/backups/ELL888/margin_func2.png>
Package pdftex.def Info: /home/mridul/Desktop/iitd_rishi_laptop/backups/ELL888/margin_func2.png  used on input line 245.
(pdftex.def)             Requested size: 328.82707pt x 85.39792pt.
[3] [4 </home/mridul/Desktop/iitd_rishi_laptop/backups/ELL888/margin_func.png> </home/mridul/Desktop/iitd_rishi_laptop/backups/ELL888/margin_func2.png>] [5] [6]
</home/mridul/Desktop/iitd_rishi_laptop/backups/ELL888/MCM_vs_SVM.jpg, id=162, 1045.65656pt x 715.92468pt>
File: /home/mridul/Desktop/iitd_rishi_laptop/backups/ELL888/MCM_vs_SVM.jpg Graphic file (type jpg)
<use /home/mridul/Desktop/iitd_rishi_laptop/backups/ELL888/MCM_vs_SVM.jpg>
Package pdftex.def Info: /home/mridul/Desktop/iitd_rishi_laptop/backups/ELL888/MCM_vs_SVM.jpg  used on input line 380.
(pdftex.def)             Requested size: 375.80544pt x 257.30664pt.
 [7 </home/mridul/Desktop/iitd_rishi_laptop/backups/ELL888/MCM_vs_SVM.jpg>]
</home/mridul/Desktop/iitd_rishi_laptop/backups/ELL888/margin_func3.png, id=175, 1216.545pt x 1020.81375pt>
File: /home/mridul/Desktop/iitd_rishi_laptop/backups/ELL888/margin_func3.png Graphic file (type png)
<use /home/mridul/Desktop/iitd_rishi_laptop/backups/ELL888/margin_func3.png>
Package pdftex.def Info: /home/mridul/Desktop/iitd_rishi_laptop/backups/ELL888/margin_func3.png  used on input line 413.
(pdftex.def)             Requested size: 234.8775pt x 197.08746pt.
</home/mridul/Desktop/iitd_rishi_laptop/backups/ELL888/margin_func4.png, id=176, 1352.05125pt x 1020.81375pt>
File: /home/mridul/Desktop/iitd_rishi_laptop/backups/ELL888/margin_func4.png Graphic file (type png)
<use /home/mridul/Desktop/iitd_rishi_laptop/backups/ELL888/margin_func4.png>
Package pdftex.def Info: /home/mridul/Desktop/iitd_rishi_laptop/backups/ELL888/margin_func4.png  used on input line 418.
(pdftex.def)             Requested size: 234.8775pt x 177.32109pt.
</home/mridul/Desktop/iitd_rishi_laptop/backups/ELL888/margin_func5.png, id=177, 1352.05125pt x 1020.81375pt>
File: /home/mridul/Desktop/iitd_rishi_laptop/backups/ELL888/margin_func5.png Graphic file (type png)
<use /home/mridul/Desktop/iitd_rishi_laptop/backups/ELL888/margin_func5.png>
Package pdftex.def Info: /home/mridul/Desktop/iitd_rishi_laptop/backups/ELL888/margin_func5.png  used on input line 424.
(pdftex.def)             Requested size: 234.8775pt x 177.32109pt.
 [8

 </home/mridul/Desktop/iitd_rishi_laptop/backups/ELL888/margin_func3.png>] [9 </home/mridul/Desktop/iitd_rishi_laptop/backups/ELL888/margin_func4.png> </home/mridul/Desktop/iitd_rishi_laptop/backups/ELL888/margin_func5.png>]
</home/mridul/Desktop/iitd_rishi_laptop/backups/ELL888/class_sep.png, id=195, 673.01437pt x 661.72218pt>
File: /home/mridul/Desktop/iitd_rishi_laptop/backups/ELL888/class_sep.png Graphic file (type png)
<use /home/mridul/Desktop/iitd_rishi_laptop/backups/ELL888/class_sep.png>
Package pdftex.def Info: /home/mridul/Desktop/iitd_rishi_laptop/backups/ELL888/class_sep.png  used on input line 502.
(pdftex.def)             Requested size: 375.80544pt x 369.50171pt.
 [10] [11

 </home/mridul/Desktop/iitd_rishi_laptop/backups/ELL888/class_sep.png (PNG copy)>]

Package hyperref Warning: Token not allowed in a PDF string (Unicode):
(hyperref)                removing `\@ifnextchar' on input line 567.

[12]
</home/mridul/Desktop/iitd_rishi_laptop/backups/ELL888/Figure_0.png, id=241, 462.528pt x 346.896pt>
File: /home/mridul/Desktop/iitd_rishi_laptop/backups/ELL888/Figure_0.png Graphic file (type png)
<use /home/mridul/Desktop/iitd_rishi_laptop/backups/ELL888/Figure_0.png>
Package pdftex.def Info: /home/mridul/Desktop/iitd_rishi_laptop/backups/ELL888/Figure_0.png  used on input line 621.
(pdftex.def)             Requested size: 328.82707pt x 246.63135pt.
</home/mridul/Desktop/iitd_rishi_laptop/backups/ELL888/Figure_1.png, id=242, 462.528pt x 346.896pt>
File: /home/mridul/Desktop/iitd_rishi_laptop/backups/ELL888/Figure_1.png Graphic file (type png)
<use /home/mridul/Desktop/iitd_rishi_laptop/backups/ELL888/Figure_1.png>
Package pdftex.def Info: /home/mridul/Desktop/iitd_rishi_laptop/backups/ELL888/Figure_1.png  used on input line 627.
(pdftex.def)             Requested size: 187.89914pt x 140.92615pt.
</home/mridul/Desktop/iitd_rishi_laptop/backups/ELL888/Figure_2.png, id=243, 462.528pt x 346.896pt>
File: /home/mridul/Desktop/iitd_rishi_laptop/backups/ELL888/Figure_2.png Graphic file (type png)
<use /home/mridul/Desktop/iitd_rishi_laptop/backups/ELL888/Figure_2.png>
Package pdftex.def Info: /home/mridul/Desktop/iitd_rishi_laptop/backups/ELL888/Figure_2.png  used on input line 629.
(pdftex.def)             Requested size: 187.89914pt x 140.92615pt.
</home/mridul/Desktop/iitd_rishi_laptop/backups/ELL888/Figure_4.png, id=244, 462.528pt x 346.896pt>
File: /home/mridul/Desktop/iitd_rishi_laptop/backups/ELL888/Figure_4.png Graphic file (type png)
<use /home/mridul/Desktop/iitd_rishi_laptop/backups/ELL888/Figure_4.png>
Package pdftex.def Info: /home/mridul/Desktop/iitd_rishi_laptop/backups/ELL888/Figure_4.png  used on input line 641.
(pdftex.def)             Requested size: 328.82707pt x 246.63135pt.
</home/mridul/Desktop/iitd_rishi_laptop/backups/ELL888/Figure_5.png, id=245, 462.528pt x 346.896pt>
File: /home/mridul/Desktop/iitd_rishi_laptop/backups/ELL888/Figure_5.png Graphic file (type png)
<use /home/mridul/Desktop/iitd_rishi_laptop/backups/ELL888/Figure_5.png>
Package pdftex.def Info: /home/mridul/Desktop/iitd_rishi_laptop/backups/ELL888/Figure_5.png  used on input line 647.
(pdftex.def)             Requested size: 187.89914pt x 140.92615pt.
</home/mridul/Desktop/iitd_rishi_laptop/backups/ELL888/Figure_6.png, id=246, 462.528pt x 346.896pt>
File: /home/mridul/Desktop/iitd_rishi_laptop/backups/ELL888/Figure_6.png Graphic file (type png)
<use /home/mridul/Desktop/iitd_rishi_laptop/backups/ELL888/Figure_6.png>
Package pdftex.def Info: /home/mridul/Desktop/iitd_rishi_laptop/backups/ELL888/Figure_6.png  used on input line 649.
(pdftex.def)             Requested size: 187.89914pt x 140.92615pt.
 [13] [14 </home/mridul/Desktop/iitd_rishi_laptop/backups/ELL888/Figure_0.png> </home/mridul/Desktop/iitd_rishi_laptop/backups/ELL888/Figure_1.png> </home/mridul/Desktop/iitd_rishi_laptop/backups/ELL888/Figure_2.png>] [15

 </home/mridul/Desktop/iitd_rishi_laptop/backups/ELL888/Figure_4.png> </home/mridul/Desktop/iitd_rishi_laptop/backups/ELL888/Figure_5.png> </home/mridul/Desktop/iitd_rishi_laptop/backups/ELL888/Figure_6.png>] [16

] (./lecture scribing template.aux)

LaTeX Warning: There were multiply-defined labels.

Package rerunfilecheck Info: File `"lecture scribing template".out' has not changed.
(rerunfilecheck)             Checksum: C4E1835B3ED4FF52D2DF6D8E6E3AF073;2212.
 ) 
Here is how much of TeX's memory you used:
 12583 strings out of 480247
 209388 string characters out of 5895711
 506956 words of memory out of 5000000
 30245 multiletter control sequences out of 15000+600000
 478143 words of font info for 60 fonts, out of 8000000 for 9000
 14 hyphenation exceptions out of 8191
 68i,16n,77p,560b,514s stack positions out of 5000i,500n,10000p,200000b,80000s
</home/mridul/.TinyTeX/texmf-dist/fonts/type1/public/amsfonts/cm/cmbx10.pfb></home/mridul/.TinyTeX/texmf-dist/fonts/type1/public/amsfonts/cm/cmbx12.pfb></home/mridul/.TinyTeX/texmf-dist/fonts/type1/public/amsfonts/cm/cmex10.pfb></home/mridul/.TinyTeX/texmf-dist/fonts/type1/public/amsfonts/cm/cmmi10.pfb></home/mridul/.TinyTeX/texmf-dist/fonts/type1/public/amsfonts/cm/cmmi6.pfb></home/mridul/.TinyTeX/texmf-dist/fonts/type1/public/amsfonts/cm/cmmi8.pfb></home/mridul/.TinyTeX/texmf-dist/fonts/type1/public/amsfonts/cm/cmr10.pfb></home/mridul/.TinyTeX/texmf-dist/fonts/type1/public/amsfonts/cm/cmr6.pfb></home/mridul/.TinyTeX/texmf-dist/fonts/type1/public/amsfonts/cm/cmr8.pfb></home/mridul/.TinyTeX/texmf-dist/fonts/type1/public/amsfonts/cm/cmsy10.pfb></home/mridul/.TinyTeX/texmf-dist/fonts/type1/public/amsfonts/cm/cmsy8.pfb></home/mridul/.TinyTeX/texmf-dist/fonts/type1/public/amsfonts/cm/cmti10.pfb></home/mridul/.TinyTeX/texmf-dist/fonts/type1/public/amsfonts/cm/cmti8.pfb></home/mridul/.TinyTeX/texmf-dist/fonts/type1/public/amsfonts/cm/cmtt10.pfb></home/mridul/.TinyTeX/texmf-dist/fonts/type1/public/amsfonts/symbols/msbm10.pfb>
Output written on "lecture scribing template.pdf" (16 pages, 626458 bytes).
PDF statistics:
 370 PDF objects out of 1000 (max. 8388607)
 294 compressed objects within 3 object streams
 101 named destinations out of 1000 (max. 500000)
 154 words of extra memory for PDF output out of 10000 (max. 10000000)

